<?xml version="1.0" encoding="UTF-8"?>
<!-- Generated by org.testng.reporters.JUnitReportReporter -->
<testsuite skipped="0" hostname="DESKTOP-O7JSI1V" name="com.code.ab.executeTest" tests="1" failures="0" timestamp="05 Aug 2018 01:49:11 GMT" time="0.015" errors="0">
  <testcase name="showdata" time="0.015" classname="com.code.ab.executeTest"/>
</testsuite> <!-- com.code.ab.executeTest -->
